1716562040122	geckodriver	INFO	Listening on 127.0.0.1:62437
1716562041144	mozrunner::runner	INFO	Running command: MOZ_CRASHREPORTER="1" MOZ_CRASHREPORTER_NO_REPORT="1" MOZ_CRASHREPORTER_SHUTDOWN="1" MOZ_NO_REMOTE="1" "/App ... "--marionette" "-foreground" "-no-remote" "-profile" "/var/folders/j3/2xy_ffxd6jq618phh49pk1b00000gn/T/rust_mozprofileSQ2Uqj"
console.warn: services.settings: Ignoring preference override of remote settings server
console.warn: services.settings: Allow by setting MOZ_REMOTE_SETTINGS_DEVTOOLS=1 in the environment
1716562041356	Marionette	INFO	Marionette enabled
1716562041518	Marionette	INFO	Listening on port 62448
1716562041658	RemoteAgent	WARN	TLS certificate errors will be ignored for this session
UNSUPPORTED (log once): POSSIBLE ISSUE: unit 1 GLD_TEXTURE_INDEX_2D is unloadable and bound to sampler type (Float) - using zero texture because texture unloadable
console.error: ({})
console.error: ({})
1716562069728	Marionette	INFO	Stopped listening on port 62448
1716562070582	geckodriver	INFO	Listening on 127.0.0.1:62497
1716562071608	mozrunner::runner	INFO	Running command: MOZ_CRASHREPORTER="1" MOZ_CRASHREPORTER_NO_REPORT="1" MOZ_CRASHREPORTER_SHUTDOWN="1" MOZ_NO_REMOTE="1" "/App ... "--marionette" "-foreground" "-no-remote" "-profile" "/var/folders/j3/2xy_ffxd6jq618phh49pk1b00000gn/T/rust_mozprofileJcR4Uo"
console.warn: services.settings: Ignoring preference override of remote settings server
console.warn: services.settings: Allow by setting MOZ_REMOTE_SETTINGS_DEVTOOLS=1 in the environment
1716562071831	Marionette	INFO	Marionette enabled
1716562071999	Marionette	INFO	Listening on port 62508
1716562072136	RemoteAgent	WARN	TLS certificate errors will be ignored for this session
UNSUPPORTED (log once): POSSIBLE ISSUE: unit 1 GLD_TEXTURE_INDEX_2D is unloadable and bound to sampler type (Float) - using zero texture because texture unloadable
console.error: ({})
1716562085998	Marionette	INFO	Stopped listening on port 62508
1716562086687	geckodriver	INFO	Listening on 127.0.0.1:62554
1716562087711	mozrunner::runner	INFO	Running command: MOZ_CRASHREPORTER="1" MOZ_CRASHREPORTER_NO_REPORT="1" MOZ_CRASHREPORTER_SHUTDOWN="1" MOZ_NO_REMOTE="1" "/App ... "--marionette" "-foreground" "-no-remote" "-profile" "/var/folders/j3/2xy_ffxd6jq618phh49pk1b00000gn/T/rust_mozprofile0vhdTW"
console.warn: services.settings: Ignoring preference override of remote settings server
console.warn: services.settings: Allow by setting MOZ_REMOTE_SETTINGS_DEVTOOLS=1 in the environment
1716562087931	Marionette	INFO	Marionette enabled
1716562088126	Marionette	INFO	Listening on port 62565
1716562088248	RemoteAgent	WARN	TLS certificate errors will be ignored for this session
UNSUPPORTED (log once): POSSIBLE ISSUE: unit 1 GLD_TEXTURE_INDEX_2D is unloadable and bound to sampler type (Float) - using zero texture because texture unloadable
console.error: ({})
console.error: ({})
1716562118467	addons.xpi	ERROR	System addon update list error SyntaxError: XMLHttpRequest.open: 'http://%(server)s/dummy-system-addons.xml' is not a valid URL.
1716562154025	Marionette	INFO	Stopped listening on port 62565
1716562154937	geckodriver	INFO	Listening on 127.0.0.1:62682
1716562155952	mozrunner::runner	INFO	Running command: MOZ_CRASHREPORTER="1" MOZ_CRASHREPORTER_NO_REPORT="1" MOZ_CRASHREPORTER_SHUTDOWN="1" MOZ_NO_REMOTE="1" "/App ... "--marionette" "-foreground" "-no-remote" "-profile" "/var/folders/j3/2xy_ffxd6jq618phh49pk1b00000gn/T/rust_mozprofileVfUaHr"
console.warn: services.settings: Ignoring preference override of remote settings server
console.warn: services.settings: Allow by setting MOZ_REMOTE_SETTINGS_DEVTOOLS=1 in the environment
1716562156173	Marionette	INFO	Marionette enabled
1716562156351	Marionette	INFO	Listening on port 62693
1716562156498	RemoteAgent	WARN	TLS certificate errors will be ignored for this session
UNSUPPORTED (log once): POSSIBLE ISSUE: unit 1 GLD_TEXTURE_INDEX_2D is unloadable and bound to sampler type (Float) - using zero texture because texture unloadable
console.error: ({})
console.error: ({})
console.error: ({})
1716562171669	Marionette	INFO	Stopped listening on port 62693
1716562172284	geckodriver	INFO	Listening on 127.0.0.1:62743
1716562173301	mozrunner::runner	INFO	Running command: MOZ_CRASHREPORTER="1" MOZ_CRASHREPORTER_NO_REPORT="1" MOZ_CRASHREPORTER_SHUTDOWN="1" MOZ_NO_REMOTE="1" "/App ... "--marionette" "-foreground" "-no-remote" "-profile" "/var/folders/j3/2xy_ffxd6jq618phh49pk1b00000gn/T/rust_mozprofileJNBu97"
console.warn: services.settings: Ignoring preference override of remote settings server
console.warn: services.settings: Allow by setting MOZ_REMOTE_SETTINGS_DEVTOOLS=1 in the environment
1716562173516	Marionette	INFO	Marionette enabled
1716562173704	Marionette	INFO	Listening on port 62754
1716562173840	RemoteAgent	WARN	TLS certificate errors will be ignored for this session
UNSUPPORTED (log once): POSSIBLE ISSUE: unit 1 GLD_TEXTURE_INDEX_2D is unloadable and bound to sampler type (Float) - using zero texture because texture unloadable
console.error: ({})
console.error: ({})
1716562204054	addons.xpi	ERROR	System addon update list error SyntaxError: XMLHttpRequest.open: 'http://%(server)s/dummy-system-addons.xml' is not a valid URL.
1716562291512	Marionette	INFO	Stopped listening on port 62754
1716562292495	geckodriver	INFO	Listening on 127.0.0.1:62812
1716562293517	mozrunner::runner	INFO	Running command: MOZ_CRASHREPORTER="1" MOZ_CRASHREPORTER_NO_REPORT="1" MOZ_CRASHREPORTER_SHUTDOWN="1" MOZ_NO_REMOTE="1" "/App ... "--marionette" "-foreground" "-no-remote" "-profile" "/var/folders/j3/2xy_ffxd6jq618phh49pk1b00000gn/T/rust_mozprofileoVUTO1"
console.warn: services.settings: Ignoring preference override of remote settings server
console.warn: services.settings: Allow by setting MOZ_REMOTE_SETTINGS_DEVTOOLS=1 in the environment
1716562293753	Marionette	INFO	Marionette enabled
1716562293981	Marionette	INFO	Listening on port 62823
1716562294121	RemoteAgent	WARN	TLS certificate errors will be ignored for this session
UNSUPPORTED (log once): POSSIBLE ISSUE: unit 1 GLD_TEXTURE_INDEX_2D is unloadable and bound to sampler type (Float) - using zero texture because texture unloadable
console.error: ({})
1716562307735	Marionette	INFO	Stopped listening on port 62823
1716562308366	geckodriver	INFO	Listening on 127.0.0.1:62868
1716562309387	mozrunner::runner	INFO	Running command: MOZ_CRASHREPORTER="1" MOZ_CRASHREPORTER_NO_REPORT="1" MOZ_CRASHREPORTER_SHUTDOWN="1" MOZ_NO_REMOTE="1" "/App ... "--marionette" "-foreground" "-no-remote" "-profile" "/var/folders/j3/2xy_ffxd6jq618phh49pk1b00000gn/T/rust_mozprofileydKyGj"
console.warn: services.settings: Ignoring preference override of remote settings server
console.warn: services.settings: Allow by setting MOZ_REMOTE_SETTINGS_DEVTOOLS=1 in the environment
1716562309605	Marionette	INFO	Marionette enabled
1716562309782	Marionette	INFO	Listening on port 62879
1716562309917	RemoteAgent	WARN	TLS certificate errors will be ignored for this session
UNSUPPORTED (log once): POSSIBLE ISSUE: unit 1 GLD_TEXTURE_INDEX_2D is unloadable and bound to sampler type (Float) - using zero texture because texture unloadable
console.error: ({})
console.error: ({})
1716562339903	addons.xpi	ERROR	System addon update list error SyntaxError: XMLHttpRequest.open: 'http://%(server)s/dummy-system-addons.xml' is not a valid URL.
1716563170409	Marionette	INFO	Stopped listening on port 62879
1716563171476	geckodriver	INFO	Listening on 127.0.0.1:63042
1716563172494	mozrunner::runner	INFO	Running command: MOZ_CRASHREPORTER="1" MOZ_CRASHREPORTER_NO_REPORT="1" MOZ_CRASHREPORTER_SHUTDOWN="1" MOZ_NO_REMOTE="1" "/App ... "--marionette" "-foreground" "-no-remote" "-profile" "/var/folders/j3/2xy_ffxd6jq618phh49pk1b00000gn/T/rust_mozprofileSzBsJa"
console.warn: services.settings: Ignoring preference override of remote settings server
console.warn: services.settings: Allow by setting MOZ_REMOTE_SETTINGS_DEVTOOLS=1 in the environment
1716563172762	Marionette	INFO	Marionette enabled
1716563172982	Marionette	INFO	Listening on port 63053
1716563173137	RemoteAgent	WARN	TLS certificate errors will be ignored for this session
UNSUPPORTED (log once): POSSIBLE ISSUE: unit 1 GLD_TEXTURE_INDEX_2D is unloadable and bound to sampler type (Float) - using zero texture because texture unloadable
console.error: ({})
1716563187141	Marionette	INFO	Stopped listening on port 63053
1716563187956	geckodriver	INFO	Listening on 127.0.0.1:63098
1716563188978	mozrunner::runner	INFO	Running command: MOZ_CRASHREPORTER="1" MOZ_CRASHREPORTER_NO_REPORT="1" MOZ_CRASHREPORTER_SHUTDOWN="1" MOZ_NO_REMOTE="1" "/App ... "--marionette" "-foreground" "-no-remote" "-profile" "/var/folders/j3/2xy_ffxd6jq618phh49pk1b00000gn/T/rust_mozprofileLI9uz6"
console.warn: services.settings: Ignoring preference override of remote settings server
console.warn: services.settings: Allow by setting MOZ_REMOTE_SETTINGS_DEVTOOLS=1 in the environment
1716563189208	Marionette	INFO	Marionette enabled
1716563189413	Marionette	INFO	Listening on port 63109
1716563189494	RemoteAgent	WARN	TLS certificate errors will be ignored for this session
UNSUPPORTED (log once): POSSIBLE ISSUE: unit 1 GLD_TEXTURE_INDEX_2D is unloadable and bound to sampler type (Float) - using zero texture because texture unloadable
console.error: ({})
console.warn: SessionStore: "Discarding window with 0 saveable tabs and 0 closed tabs"
1716563198084	Marionette	INFO	Stopped listening on port 63109
1716563198629	geckodriver	INFO	Listening on 127.0.0.1:63148
1716563199646	mozrunner::runner	INFO	Running command: MOZ_CRASHREPORTER="1" MOZ_CRASHREPORTER_NO_REPORT="1" MOZ_CRASHREPORTER_SHUTDOWN="1" MOZ_NO_REMOTE="1" "/App ... "--marionette" "-foreground" "-no-remote" "-profile" "/var/folders/j3/2xy_ffxd6jq618phh49pk1b00000gn/T/rust_mozprofile7q6bOY"
console.warn: services.settings: Ignoring preference override of remote settings server
console.warn: services.settings: Allow by setting MOZ_REMOTE_SETTINGS_DEVTOOLS=1 in the environment
1716563199867	Marionette	INFO	Marionette enabled
1716563200051	Marionette	INFO	Listening on port 63159
1716563200178	RemoteAgent	WARN	TLS certificate errors will be ignored for this session
UNSUPPORTED (log once): POSSIBLE ISSUE: unit 1 GLD_TEXTURE_INDEX_2D is unloadable and bound to sampler type (Float) - using zero texture because texture unloadable
console.error: ({})
1716563214059	Marionette	INFO	Stopped listening on port 63159
1716563214650	geckodriver	INFO	Listening on 127.0.0.1:63202
1716563215675	mozrunner::runner	INFO	Running command: MOZ_CRASHREPORTER="1" MOZ_CRASHREPORTER_NO_REPORT="1" MOZ_CRASHREPORTER_SHUTDOWN="1" MOZ_NO_REMOTE="1" "/App ... "--marionette" "-foreground" "-no-remote" "-profile" "/var/folders/j3/2xy_ffxd6jq618phh49pk1b00000gn/T/rust_mozprofilejQurEg"
console.warn: services.settings: Ignoring preference override of remote settings server
console.warn: services.settings: Allow by setting MOZ_REMOTE_SETTINGS_DEVTOOLS=1 in the environment
1716563215890	Marionette	INFO	Marionette enabled
1716563216075	Marionette	INFO	Listening on port 63213
1716563216199	RemoteAgent	WARN	TLS certificate errors will be ignored for this session
UNSUPPORTED (log once): POSSIBLE ISSUE: unit 1 GLD_TEXTURE_INDEX_2D is unloadable and bound to sampler type (Float) - using zero texture because texture unloadable
console.error: ({})
console.error: ({})
1716563248575	addons.xpi	ERROR	System addon update list error SyntaxError: XMLHttpRequest.open: 'http://%(server)s/dummy-system-addons.xml' is not a valid URL.
1716563251374	Marionette	INFO	Stopped listening on port 63213
1716563252349	geckodriver	INFO	Listening on 127.0.0.1:63257
1716563253369	mozrunner::runner	INFO	Running command: MOZ_CRASHREPORTER="1" MOZ_CRASHREPORTER_NO_REPORT="1" MOZ_CRASHREPORTER_SHUTDOWN="1" MOZ_NO_REMOTE="1" "/App ... "--marionette" "-foreground" "-no-remote" "-profile" "/var/folders/j3/2xy_ffxd6jq618phh49pk1b00000gn/T/rust_mozprofileJBvxFA"
console.warn: services.settings: Ignoring preference override of remote settings server
console.warn: services.settings: Allow by setting MOZ_REMOTE_SETTINGS_DEVTOOLS=1 in the environment
1716563253591	Marionette	INFO	Marionette enabled
1716563253809	Marionette	INFO	Listening on port 63268
1716563253883	RemoteAgent	WARN	TLS certificate errors will be ignored for this session
UNSUPPORTED (log once): POSSIBLE ISSUE: unit 1 GLD_TEXTURE_INDEX_2D is unloadable and bound to sampler type (Float) - using zero texture because texture unloadable
console.error: ({})
1716563267883	Marionette	INFO	Stopped listening on port 63268
1716563268593	geckodriver	INFO	Listening on 127.0.0.1:63314
1716563269611	mozrunner::runner	INFO	Running command: MOZ_CRASHREPORTER="1" MOZ_CRASHREPORTER_NO_REPORT="1" MOZ_CRASHREPORTER_SHUTDOWN="1" MOZ_NO_REMOTE="1" "/App ... "--marionette" "-foreground" "-no-remote" "-profile" "/var/folders/j3/2xy_ffxd6jq618phh49pk1b00000gn/T/rust_mozprofileIivk1V"
console.warn: services.settings: Ignoring preference override of remote settings server
console.warn: services.settings: Allow by setting MOZ_REMOTE_SETTINGS_DEVTOOLS=1 in the environment
1716563269832	Marionette	INFO	Marionette enabled
1716563270035	Marionette	INFO	Listening on port 63325
1716563270057	RemoteAgent	WARN	TLS certificate errors will be ignored for this session
UNSUPPORTED (log once): POSSIBLE ISSUE: unit 1 GLD_TEXTURE_INDEX_2D is unloadable and bound to sampler type (Float) - using zero texture because texture unloadable
console.error: ({})
console.error: ({})
1716563300295	addons.xpi	ERROR	System addon update list error SyntaxError: XMLHttpRequest.open: 'http://%(server)s/dummy-system-addons.xml' is not a valid URL.
1716563372505	Marionette	INFO	Stopped listening on port 63325
1716563373495	geckodriver	INFO	Listening on 127.0.0.1:63374
1716563374514	mozrunner::runner	INFO	Running command: MOZ_CRASHREPORTER="1" MOZ_CRASHREPORTER_NO_REPORT="1" MOZ_CRASHREPORTER_SHUTDOWN="1" MOZ_NO_REMOTE="1" "/App ... "--marionette" "-foreground" "-no-remote" "-profile" "/var/folders/j3/2xy_ffxd6jq618phh49pk1b00000gn/T/rust_mozprofile8Z2Iwn"
console.warn: services.settings: Ignoring preference override of remote settings server
console.warn: services.settings: Allow by setting MOZ_REMOTE_SETTINGS_DEVTOOLS=1 in the environment
1716563374796	Marionette	INFO	Marionette enabled
1716563375001	Marionette	INFO	Listening on port 63385
1716563375131	RemoteAgent	WARN	TLS certificate errors will be ignored for this session
UNSUPPORTED (log once): POSSIBLE ISSUE: unit 1 GLD_TEXTURE_INDEX_2D is unloadable and bound to sampler type (Float) - using zero texture because texture unloadable
console.error: ({})
1716563388899	Marionette	INFO	Stopped listening on port 63385
1716563389617	geckodriver	INFO	Listening on 127.0.0.1:63433
1716563390640	mozrunner::runner	INFO	Running command: MOZ_CRASHREPORTER="1" MOZ_CRASHREPORTER_NO_REPORT="1" MOZ_CRASHREPORTER_SHUTDOWN="1" MOZ_NO_REMOTE="1" "/App ... "--marionette" "-foreground" "-no-remote" "-profile" "/var/folders/j3/2xy_ffxd6jq618phh49pk1b00000gn/T/rust_mozprofile3MeRoc"
console.warn: services.settings: Ignoring preference override of remote settings server
console.warn: services.settings: Allow by setting MOZ_REMOTE_SETTINGS_DEVTOOLS=1 in the environment
1716563390859	Marionette	INFO	Marionette enabled
1716563391031	Marionette	INFO	Listening on port 63444
1716563391174	RemoteAgent	WARN	TLS certificate errors will be ignored for this session
UNSUPPORTED (log once): POSSIBLE ISSUE: unit 1 GLD_TEXTURE_INDEX_2D is unloadable and bound to sampler type (Float) - using zero texture because texture unloadable
console.error: ({})
console.error: ({})
1716563421265	addons.xpi	ERROR	System addon update list error SyntaxError: XMLHttpRequest.open: 'http://%(server)s/dummy-system-addons.xml' is not a valid URL.
1716563424089	Marionette	INFO	Stopped listening on port 63444
1716563424640	geckodriver	INFO	Listening on 127.0.0.1:63490
1716563425662	mozrunner::runner	INFO	Running command: MOZ_CRASHREPORTER="1" MOZ_CRASHREPORTER_NO_REPORT="1" MOZ_CRASHREPORTER_SHUTDOWN="1" MOZ_NO_REMOTE="1" "/App ... "--marionette" "-foreground" "-no-remote" "-profile" "/var/folders/j3/2xy_ffxd6jq618phh49pk1b00000gn/T/rust_mozprofileKr8Ekn"
console.warn: services.settings: Ignoring preference override of remote settings server
console.warn: services.settings: Allow by setting MOZ_REMOTE_SETTINGS_DEVTOOLS=1 in the environment
1716563425882	Marionette	INFO	Marionette enabled
1716563426054	Marionette	INFO	Listening on port 63501
1716563426196	RemoteAgent	WARN	TLS certificate errors will be ignored for this session
UNSUPPORTED (log once): POSSIBLE ISSUE: unit 1 GLD_TEXTURE_INDEX_2D is unloadable and bound to sampler type (Float) - using zero texture because texture unloadable
console.error: ({})
1716563439769	Marionette	INFO	Stopped listening on port 63501
1716563440856	geckodriver	INFO	Listening on 127.0.0.1:63544
1716563441878	mozrunner::runner	INFO	Running command: MOZ_CRASHREPORTER="1" MOZ_CRASHREPORTER_NO_REPORT="1" MOZ_CRASHREPORTER_SHUTDOWN="1" MOZ_NO_REMOTE="1" "/App ... "--marionette" "-foreground" "-no-remote" "-profile" "/var/folders/j3/2xy_ffxd6jq618phh49pk1b00000gn/T/rust_mozprofile6js0Iq"
console.warn: services.settings: Ignoring preference override of remote settings server
console.warn: services.settings: Allow by setting MOZ_REMOTE_SETTINGS_DEVTOOLS=1 in the environment
1716563442101	Marionette	INFO	Marionette enabled
1716563442287	Marionette	INFO	Listening on port 63556
1716563442411	RemoteAgent	WARN	TLS certificate errors will be ignored for this session
UNSUPPORTED (log once): POSSIBLE ISSUE: unit 1 GLD_TEXTURE_INDEX_2D is unloadable and bound to sampler type (Float) - using zero texture because texture unloadable
console.error: ({})
console.warn: SessionStore: "Discarding window with 0 saveable tabs and 0 closed tabs"
1716563450813	Marionette	INFO	Stopped listening on port 63556
1716563451360	geckodriver	INFO	Listening on 127.0.0.1:63595
1716563452381	mozrunner::runner	INFO	Running command: MOZ_CRASHREPORTER="1" MOZ_CRASHREPORTER_NO_REPORT="1" MOZ_CRASHREPORTER_SHUTDOWN="1" MOZ_NO_REMOTE="1" "/App ... "--marionette" "-foreground" "-no-remote" "-profile" "/var/folders/j3/2xy_ffxd6jq618phh49pk1b00000gn/T/rust_mozprofileQZmfcd"
console.warn: services.settings: Ignoring preference override of remote settings server
console.warn: services.settings: Allow by setting MOZ_REMOTE_SETTINGS_DEVTOOLS=1 in the environment
1716563452612	Marionette	INFO	Marionette enabled
1716563452781	Marionette	INFO	Listening on port 63606
1716563452917	RemoteAgent	WARN	TLS certificate errors will be ignored for this session
UNSUPPORTED (log once): POSSIBLE ISSUE: unit 1 GLD_TEXTURE_INDEX_2D is unloadable and bound to sampler type (Float) - using zero texture because texture unloadable
console.error: ({})
1716563466601	Marionette	INFO	Stopped listening on port 63606
1716563467202	geckodriver	INFO	Listening on 127.0.0.1:63649
1716563468220	mozrunner::runner	INFO	Running command: MOZ_CRASHREPORTER="1" MOZ_CRASHREPORTER_NO_REPORT="1" MOZ_CRASHREPORTER_SHUTDOWN="1" MOZ_NO_REMOTE="1" "/App ... "--marionette" "-foreground" "-no-remote" "-profile" "/var/folders/j3/2xy_ffxd6jq618phh49pk1b00000gn/T/rust_mozprofilerL19fe"
console.warn: services.settings: Ignoring preference override of remote settings server
console.warn: services.settings: Allow by setting MOZ_REMOTE_SETTINGS_DEVTOOLS=1 in the environment
1716563468442	Marionette	INFO	Marionette enabled
1716563468636	Marionette	INFO	Listening on port 63660
1716563468734	RemoteAgent	WARN	TLS certificate errors will be ignored for this session
UNSUPPORTED (log once): POSSIBLE ISSUE: unit 1 GLD_TEXTURE_INDEX_2D is unloadable and bound to sampler type (Float) - using zero texture because texture unloadable
console.error: ({})
console.warn: SessionStore: "Discarding window with 0 saveable tabs and 0 closed tabs"
1716563478705	Marionette	INFO	Stopped listening on port 63660
1716563479255	geckodriver	INFO	Listening on 127.0.0.1:63699
1716563480272	mozrunner::runner	INFO	Running command: MOZ_CRASHREPORTER="1" MOZ_CRASHREPORTER_NO_REPORT="1" MOZ_CRASHREPORTER_SHUTDOWN="1" MOZ_NO_REMOTE="1" "/App ... "--marionette" "-foreground" "-no-remote" "-profile" "/var/folders/j3/2xy_ffxd6jq618phh49pk1b00000gn/T/rust_mozprofile60MLR4"
console.warn: services.settings: Ignoring preference override of remote settings server
console.warn: services.settings: Allow by setting MOZ_REMOTE_SETTINGS_DEVTOOLS=1 in the environment
1716563480480	Marionette	INFO	Marionette enabled
1716563480643	Marionette	INFO	Listening on port 63710
1716563480781	RemoteAgent	WARN	TLS certificate errors will be ignored for this session
UNSUPPORTED (log once): POSSIBLE ISSUE: unit 1 GLD_TEXTURE_INDEX_2D is unloadable and bound to sampler type (Float) - using zero texture because texture unloadable
console.error: ({})
1716563494338	Marionette	INFO	Stopped listening on port 63710
1716563494917	geckodriver	INFO	Listening on 127.0.0.1:63757
1716563495937	mozrunner::runner	INFO	Running command: MOZ_CRASHREPORTER="1" MOZ_CRASHREPORTER_NO_REPORT="1" MOZ_CRASHREPORTER_SHUTDOWN="1" MOZ_NO_REMOTE="1" "/App ... "--marionette" "-foreground" "-no-remote" "-profile" "/var/folders/j3/2xy_ffxd6jq618phh49pk1b00000gn/T/rust_mozprofilexla3Qq"
console.warn: services.settings: Ignoring preference override of remote settings server
console.warn: services.settings: Allow by setting MOZ_REMOTE_SETTINGS_DEVTOOLS=1 in the environment
1716563496167	Marionette	INFO	Marionette enabled
1716563496329	Marionette	INFO	Listening on port 63768
1716563496462	RemoteAgent	WARN	TLS certificate errors will be ignored for this session
UNSUPPORTED (log once): POSSIBLE ISSUE: unit 1 GLD_TEXTURE_INDEX_2D is unloadable and bound to sampler type (Float) - using zero texture because texture unloadable
console.error: ({})
console.error: ({})
1716563528617	addons.xpi	ERROR	System addon update list error SyntaxError: XMLHttpRequest.open: 'http://%(server)s/dummy-system-addons.xml' is not a valid URL.
1716564058467	Marionette	INFO	Stopped listening on port 63768
1716564059505	geckodriver	INFO	Listening on 127.0.0.1:63913
1716564060523	mozrunner::runner	INFO	Running command: MOZ_CRASHREPORTER="1" MOZ_CRASHREPORTER_NO_REPORT="1" MOZ_CRASHREPORTER_SHUTDOWN="1" MOZ_NO_REMOTE="1" "/App ... "--marionette" "-foreground" "-no-remote" "-profile" "/var/folders/j3/2xy_ffxd6jq618phh49pk1b00000gn/T/rust_mozprofileY6GPVe"
console.warn: services.settings: Ignoring preference override of remote settings server
console.warn: services.settings: Allow by setting MOZ_REMOTE_SETTINGS_DEVTOOLS=1 in the environment
1716564060805	Marionette	INFO	Marionette enabled
1716564061019	Marionette	INFO	Listening on port 63924
1716564061139	RemoteAgent	WARN	TLS certificate errors will be ignored for this session
UNSUPPORTED (log once): POSSIBLE ISSUE: unit 1 GLD_TEXTURE_INDEX_2D is unloadable and bound to sampler type (Float) - using zero texture because texture unloadable
console.error: ({})
1716564075069	Marionette	INFO	Stopped listening on port 63924
1716564075849	geckodriver	INFO	Listening on 127.0.0.1:63971
1716564076874	mozrunner::runner	INFO	Running command: MOZ_CRASHREPORTER="1" MOZ_CRASHREPORTER_NO_REPORT="1" MOZ_CRASHREPORTER_SHUTDOWN="1" MOZ_NO_REMOTE="1" "/App ... "--marionette" "-foreground" "-no-remote" "-profile" "/var/folders/j3/2xy_ffxd6jq618phh49pk1b00000gn/T/rust_mozprofileaI2EwS"
console.warn: services.settings: Ignoring preference override of remote settings server
console.warn: services.settings: Allow by setting MOZ_REMOTE_SETTINGS_DEVTOOLS=1 in the environment
1716564077088	Marionette	INFO	Marionette enabled
1716564077272	Marionette	INFO	Listening on port 63982
1716564077397	RemoteAgent	WARN	TLS certificate errors will be ignored for this session
UNSUPPORTED (log once): POSSIBLE ISSUE: unit 1 GLD_TEXTURE_INDEX_2D is unloadable and bound to sampler type (Float) - using zero texture because texture unloadable
console.error: ({})
console.error: ({})
1716564107126	addons.xpi	ERROR	System addon update list error SyntaxError: XMLHttpRequest.open: 'http://%(server)s/dummy-system-addons.xml' is not a valid URL.
1716564146337	Marionette	INFO	Stopped listening on port 63982
1716564147320	geckodriver	INFO	Listening on 127.0.0.1:64024
1716564148337	mozrunner::runner	INFO	Running command: MOZ_CRASHREPORTER="1" MOZ_CRASHREPORTER_NO_REPORT="1" MOZ_CRASHREPORTER_SHUTDOWN="1" MOZ_NO_REMOTE="1" "/App ... "--marionette" "-foreground" "-no-remote" "-profile" "/var/folders/j3/2xy_ffxd6jq618phh49pk1b00000gn/T/rust_mozprofileJox6Jb"
console.warn: services.settings: Ignoring preference override of remote settings server
console.warn: services.settings: Allow by setting MOZ_REMOTE_SETTINGS_DEVTOOLS=1 in the environment
1716564148566	Marionette	INFO	Marionette enabled
1716564148757	Marionette	INFO	Listening on port 64035
1716564148828	RemoteAgent	WARN	TLS certificate errors will be ignored for this session
UNSUPPORTED (log once): POSSIBLE ISSUE: unit 1 GLD_TEXTURE_INDEX_2D is unloadable and bound to sampler type (Float) - using zero texture because texture unloadable
console.error: ({})
1716564162353	Marionette	INFO	Stopped listening on port 64035
1716564163000	geckodriver	INFO	Listening on 127.0.0.1:64079
1716564164024	mozrunner::runner	INFO	Running command: MOZ_CRASHREPORTER="1" MOZ_CRASHREPORTER_NO_REPORT="1" MOZ_CRASHREPORTER_SHUTDOWN="1" MOZ_NO_REMOTE="1" "/App ... "--marionette" "-foreground" "-no-remote" "-profile" "/var/folders/j3/2xy_ffxd6jq618phh49pk1b00000gn/T/rust_mozprofilerfHM1Y"
console.warn: services.settings: Ignoring preference override of remote settings server
console.warn: services.settings: Allow by setting MOZ_REMOTE_SETTINGS_DEVTOOLS=1 in the environment
1716564164246	Marionette	INFO	Marionette enabled
1716564164433	Marionette	INFO	Listening on port 64090
1716564164591	RemoteAgent	WARN	TLS certificate errors will be ignored for this session
UNSUPPORTED (log once): POSSIBLE ISSUE: unit 1 GLD_TEXTURE_INDEX_2D is unloadable and bound to sampler type (Float) - using zero texture because texture unloadable
console.error: ({})
console.error: ({})
console.error: ({})
console.warn: SessionStore: "Discarding window with 0 saveable tabs and 0 closed tabs"
1716564175349	Marionette	INFO	Stopped listening on port 64090
1716564175907	geckodriver	INFO	Listening on 127.0.0.1:64133
1716564176933	mozrunner::runner	INFO	Running command: MOZ_CRASHREPORTER="1" MOZ_CRASHREPORTER_NO_REPORT="1" MOZ_CRASHREPORTER_SHUTDOWN="1" MOZ_NO_REMOTE="1" "/App ... "--marionette" "-foreground" "-no-remote" "-profile" "/var/folders/j3/2xy_ffxd6jq618phh49pk1b00000gn/T/rust_mozprofiles5GJD5"
console.warn: services.settings: Ignoring preference override of remote settings server
console.warn: services.settings: Allow by setting MOZ_REMOTE_SETTINGS_DEVTOOLS=1 in the environment
1716564177150	Marionette	INFO	Marionette enabled
1716564177309	Marionette	INFO	Listening on port 64144
1716564177440	RemoteAgent	WARN	TLS certificate errors will be ignored for this session
UNSUPPORTED (log once): POSSIBLE ISSUE: unit 1 GLD_TEXTURE_INDEX_2D is unloadable and bound to sampler type (Float) - using zero texture because texture unloadable
console.error: ({})
1716564191135	Marionette	INFO	Stopped listening on port 64144
1716564191736	geckodriver	INFO	Listening on 127.0.0.1:64225
1716564192756	mozrunner::runner	INFO	Running command: MOZ_CRASHREPORTER="1" MOZ_CRASHREPORTER_NO_REPORT="1" MOZ_CRASHREPORTER_SHUTDOWN="1" MOZ_NO_REMOTE="1" "/App ... "--marionette" "-foreground" "-no-remote" "-profile" "/var/folders/j3/2xy_ffxd6jq618phh49pk1b00000gn/T/rust_mozprofiledKSA4H"
console.warn: services.settings: Ignoring preference override of remote settings server
console.warn: services.settings: Allow by setting MOZ_REMOTE_SETTINGS_DEVTOOLS=1 in the environment
1716564192980	Marionette	INFO	Marionette enabled
1716564193168	Marionette	INFO	Listening on port 64236
1716564193248	RemoteAgent	WARN	TLS certificate errors will be ignored for this session
UNSUPPORTED (log once): POSSIBLE ISSUE: unit 1 GLD_TEXTURE_INDEX_2D is unloadable and bound to sampler type (Float) - using zero texture because texture unloadable
console.error: ({})
console.error: ({})
console.warn: SessionStore: "Discarding window with 0 saveable tabs and 0 closed tabs"
1716564203490	Marionette	INFO	Stopped listening on port 64236
1716564204046	geckodriver	INFO	Listening on 127.0.0.1:64284
1716564205070	mozrunner::runner	INFO	Running command: MOZ_CRASHREPORTER="1" MOZ_CRASHREPORTER_NO_REPORT="1" MOZ_CRASHREPORTER_SHUTDOWN="1" MOZ_NO_REMOTE="1" "/App ... "--marionette" "-foreground" "-no-remote" "-profile" "/var/folders/j3/2xy_ffxd6jq618phh49pk1b00000gn/T/rust_mozprofile6WAuQU"
console.warn: services.settings: Ignoring preference override of remote settings server
console.warn: services.settings: Allow by setting MOZ_REMOTE_SETTINGS_DEVTOOLS=1 in the environment
1716564205287	Marionette	INFO	Marionette enabled
1716564205455	Marionette	INFO	Listening on port 64295
1716564205667	RemoteAgent	WARN	TLS certificate errors will be ignored for this session
UNSUPPORTED (log once): POSSIBLE ISSUE: unit 1 GLD_TEXTURE_INDEX_2D is unloadable and bound to sampler type (Float) - using zero texture because texture unloadable
console.error: ({})
1716564220046	Marionette	INFO	Stopped listening on port 64295
1716564220641	geckodriver	INFO	Listening on 127.0.0.1:64341
1716564221666	mozrunner::runner	INFO	Running command: MOZ_CRASHREPORTER="1" MOZ_CRASHREPORTER_NO_REPORT="1" MOZ_CRASHREPORTER_SHUTDOWN="1" MOZ_NO_REMOTE="1" "/App ... "--marionette" "-foreground" "-no-remote" "-profile" "/var/folders/j3/2xy_ffxd6jq618phh49pk1b00000gn/T/rust_mozprofilexwjmFe"
console.warn: services.settings: Ignoring preference override of remote settings server
console.warn: services.settings: Allow by setting MOZ_REMOTE_SETTINGS_DEVTOOLS=1 in the environment
1716564221887	Marionette	INFO	Marionette enabled
1716564222048	Marionette	INFO	Listening on port 64352
1716564222242	RemoteAgent	WARN	TLS certificate errors will be ignored for this session
UNSUPPORTED (log once): POSSIBLE ISSUE: unit 1 GLD_TEXTURE_INDEX_2D is unloadable and bound to sampler type (Float) - using zero texture because texture unloadable
console.error: ({})
console.error: ({})
console.warn: SessionStore: "Discarding window with 0 saveable tabs and 0 closed tabs"
1716564230739	Marionette	INFO	Stopped listening on port 64352
1716564231270	geckodriver	INFO	Listening on 127.0.0.1:64391
1716564232296	mozrunner::runner	INFO	Running command: MOZ_CRASHREPORTER="1" MOZ_CRASHREPORTER_NO_REPORT="1" MOZ_CRASHREPORTER_SHUTDOWN="1" MOZ_NO_REMOTE="1" "/App ... "--marionette" "-foreground" "-no-remote" "-profile" "/var/folders/j3/2xy_ffxd6jq618phh49pk1b00000gn/T/rust_mozprofiledCPId1"
console.warn: services.settings: Ignoring preference override of remote settings server
console.warn: services.settings: Allow by setting MOZ_REMOTE_SETTINGS_DEVTOOLS=1 in the environment
1716564232516	Marionette	INFO	Marionette enabled
1716564232687	Marionette	INFO	Listening on port 64402
1716564232827	RemoteAgent	WARN	TLS certificate errors will be ignored for this session
UNSUPPORTED (log once): POSSIBLE ISSUE: unit 1 GLD_TEXTURE_INDEX_2D is unloadable and bound to sampler type (Float) - using zero texture because texture unloadable
console.error: ({})
1716564247316	Marionette	INFO	Stopped listening on port 64402
1716564247903	geckodriver	INFO	Listening on 127.0.0.1:64458
1716564248921	mozrunner::runner	INFO	Running command: MOZ_CRASHREPORTER="1" MOZ_CRASHREPORTER_NO_REPORT="1" MOZ_CRASHREPORTER_SHUTDOWN="1" MOZ_NO_REMOTE="1" "/App ... "--marionette" "-foreground" "-no-remote" "-profile" "/var/folders/j3/2xy_ffxd6jq618phh49pk1b00000gn/T/rust_mozprofilen3CJ0t"
console.warn: services.settings: Ignoring preference override of remote settings server
console.warn: services.settings: Allow by setting MOZ_REMOTE_SETTINGS_DEVTOOLS=1 in the environment
1716564249136	Marionette	INFO	Marionette enabled
1716564249321	Marionette	INFO	Listening on port 64469
1716564249486	RemoteAgent	WARN	TLS certificate errors will be ignored for this session
UNSUPPORTED (log once): POSSIBLE ISSUE: unit 1 GLD_TEXTURE_INDEX_2D is unloadable and bound to sampler type (Float) - using zero texture because texture unloadable
console.error: ({})
console.warn: SessionStore: "Discarding window with 0 saveable tabs and 0 closed tabs"
1716564259735	Marionette	INFO	Stopped listening on port 64469
1716564260306	geckodriver	INFO	Listening on 127.0.0.1:64511
1716564261325	mozrunner::runner	INFO	Running command: MOZ_CRASHREPORTER="1" MOZ_CRASHREPORTER_NO_REPORT="1" MOZ_CRASHREPORTER_SHUTDOWN="1" MOZ_NO_REMOTE="1" "/App ... "--marionette" "-foreground" "-no-remote" "-profile" "/var/folders/j3/2xy_ffxd6jq618phh49pk1b00000gn/T/rust_mozprofileygIKI3"
console.warn: services.settings: Ignoring preference override of remote settings server
console.warn: services.settings: Allow by setting MOZ_REMOTE_SETTINGS_DEVTOOLS=1 in the environment
1716564261544	Marionette	INFO	Marionette enabled
1716564261703	Marionette	INFO	Listening on port 64522
1716564261839	RemoteAgent	WARN	TLS certificate errors will be ignored for this session
UNSUPPORTED (log once): POSSIBLE ISSUE: unit 1 GLD_TEXTURE_INDEX_2D is unloadable and bound to sampler type (Float) - using zero texture because texture unloadable
console.error: ({})
1716564275598	Marionette	INFO	Stopped listening on port 64522
1716564276183	geckodriver	INFO	Listening on 127.0.0.1:64571
1716564277201	mozrunner::runner	INFO	Running command: MOZ_CRASHREPORTER="1" MOZ_CRASHREPORTER_NO_REPORT="1" MOZ_CRASHREPORTER_SHUTDOWN="1" MOZ_NO_REMOTE="1" "/App ... "--marionette" "-foreground" "-no-remote" "-profile" "/var/folders/j3/2xy_ffxd6jq618phh49pk1b00000gn/T/rust_mozprofileS41Twr"
console.warn: services.settings: Ignoring preference override of remote settings server
console.warn: services.settings: Allow by setting MOZ_REMOTE_SETTINGS_DEVTOOLS=1 in the environment
1716564277422	Marionette	INFO	Marionette enabled
1716564277618	Marionette	INFO	Listening on port 64582
1716564277698	RemoteAgent	WARN	TLS certificate errors will be ignored for this session
UNSUPPORTED (log once): POSSIBLE ISSUE: unit 1 GLD_TEXTURE_INDEX_2D is unloadable and bound to sampler type (Float) - using zero texture because texture unloadable
console.error: ({})
console.warn: SessionStore: "Discarding window with 0 saveable tabs and 0 closed tabs"
1716564287431	Marionette	INFO	Stopped listening on port 64582
1716564287971	geckodriver	INFO	Listening on 127.0.0.1:64621
1716564288994	mozrunner::runner	INFO	Running command: MOZ_CRASHREPORTER="1" MOZ_CRASHREPORTER_NO_REPORT="1" MOZ_CRASHREPORTER_SHUTDOWN="1" MOZ_NO_REMOTE="1" "/App ... "--marionette" "-foreground" "-no-remote" "-profile" "/var/folders/j3/2xy_ffxd6jq618phh49pk1b00000gn/T/rust_mozprofilevQNLgK"
console.warn: services.settings: Ignoring preference override of remote settings server
console.warn: services.settings: Allow by setting MOZ_REMOTE_SETTINGS_DEVTOOLS=1 in the environment
1716564289214	Marionette	INFO	Marionette enabled
1716564289409	Marionette	INFO	Listening on port 64632
1716564289537	RemoteAgent	WARN	TLS certificate errors will be ignored for this session
UNSUPPORTED (log once): POSSIBLE ISSUE: unit 1 GLD_TEXTURE_INDEX_2D is unloadable and bound to sampler type (Float) - using zero texture because texture unloadable
console.error: ({})
1716564303356	Marionette	INFO	Stopped listening on port 64632
1716564303944	geckodriver	INFO	Listening on 127.0.0.1:64680
1716564304968	mozrunner::runner	INFO	Running command: MOZ_CRASHREPORTER="1" MOZ_CRASHREPORTER_NO_REPORT="1" MOZ_CRASHREPORTER_SHUTDOWN="1" MOZ_NO_REMOTE="1" "/App ... "--marionette" "-foreground" "-no-remote" "-profile" "/var/folders/j3/2xy_ffxd6jq618phh49pk1b00000gn/T/rust_mozprofileaeKIBw"
console.warn: services.settings: Ignoring preference override of remote settings server
console.warn: services.settings: Allow by setting MOZ_REMOTE_SETTINGS_DEVTOOLS=1 in the environment
1716564305183	Marionette	INFO	Marionette enabled
1716564305342	Marionette	INFO	Listening on port 64691
1716564305475	RemoteAgent	WARN	TLS certificate errors will be ignored for this session
UNSUPPORTED (log once): POSSIBLE ISSUE: unit 1 GLD_TEXTURE_INDEX_2D is unloadable and bound to sampler type (Float) - using zero texture because texture unloadable
console.error: ({})
console.error: ({})
1716564330341	Marionette	INFO	Stopped listening on port 64691
1716564331327	geckodriver	INFO	Listening on 127.0.0.1:64732
1716564332351	mozrunner::runner	INFO	Running command: MOZ_CRASHREPORTER="1" MOZ_CRASHREPORTER_NO_REPORT="1" MOZ_CRASHREPORTER_SHUTDOWN="1" MOZ_NO_REMOTE="1" "/App ... "--marionette" "-foreground" "-no-remote" "-profile" "/var/folders/j3/2xy_ffxd6jq618phh49pk1b00000gn/T/rust_mozprofileF7uaGA"
console.warn: services.settings: Ignoring preference override of remote settings server
console.warn: services.settings: Allow by setting MOZ_REMOTE_SETTINGS_DEVTOOLS=1 in the environment
1716564332575	Marionette	INFO	Marionette enabled
1716564332740	Marionette	INFO	Listening on port 64743
1716564332886	RemoteAgent	WARN	TLS certificate errors will be ignored for this session
UNSUPPORTED (log once): POSSIBLE ISSUE: unit 1 GLD_TEXTURE_INDEX_2D is unloadable and bound to sampler type (Float) - using zero texture because texture unloadable
console.error: ({})
console.error: ({})
console.error: ({})
console.error: ({})
1716564363260	addons.xpi	ERROR	System addon update list error SyntaxError: XMLHttpRequest.open: 'http://%(server)s/dummy-system-addons.xml' is not a valid URL.
1716564675519	Marionette	INFO	Stopped listening on port 64743
1716564676677	geckodriver	INFO	Listening on 127.0.0.1:64892
1716564677689	mozrunner::runner	INFO	Running command: MOZ_CRASHREPORTER="1" MOZ_CRASHREPORTER_NO_REPORT="1" MOZ_CRASHREPORTER_SHUTDOWN="1" MOZ_NO_REMOTE="1" "/App ... "--marionette" "-foreground" "-no-remote" "-profile" "/var/folders/j3/2xy_ffxd6jq618phh49pk1b00000gn/T/rust_mozprofileLqt5UQ"
console.warn: services.settings: Ignoring preference override of remote settings server
console.warn: services.settings: Allow by setting MOZ_REMOTE_SETTINGS_DEVTOOLS=1 in the environment
1716564677979	Marionette	INFO	Marionette enabled
1716564678255	Marionette	INFO	Listening on port 64903
1716564678278	RemoteAgent	WARN	TLS certificate errors will be ignored for this session
UNSUPPORTED (log once): POSSIBLE ISSUE: unit 1 GLD_TEXTURE_INDEX_2D is unloadable and bound to sampler type (Float) - using zero texture because texture unloadable
console.error: ({})
console.error: ({})
1716564706889	Marionette	INFO	Stopped listening on port 64903
1716564707854	geckodriver	INFO	Listening on 127.0.0.1:64946
1716564708872	mozrunner::runner	INFO	Running command: MOZ_CRASHREPORTER="1" MOZ_CRASHREPORTER_NO_REPORT="1" MOZ_CRASHREPORTER_SHUTDOWN="1" MOZ_NO_REMOTE="1" "/App ... "--marionette" "-foreground" "-no-remote" "-profile" "/var/folders/j3/2xy_ffxd6jq618phh49pk1b00000gn/T/rust_mozprofileicC2pz"
console.warn: services.settings: Ignoring preference override of remote settings server
console.warn: services.settings: Allow by setting MOZ_REMOTE_SETTINGS_DEVTOOLS=1 in the environment
1716564709102	Marionette	INFO	Marionette enabled
1716564709328	Marionette	INFO	Listening on port 64957
1716564709454	RemoteAgent	WARN	TLS certificate errors will be ignored for this session
UNSUPPORTED (log once): POSSIBLE ISSUE: unit 1 GLD_TEXTURE_INDEX_2D is unloadable and bound to sampler type (Float) - using zero texture because texture unloadable
console.error: ({})
1716564723134	Marionette	INFO	Stopped listening on port 64957
1716564723799	geckodriver	INFO	Listening on 127.0.0.1:65001
1716564724877	mozrunner::runner	INFO	Running command: MOZ_CRASHREPORTER="1" MOZ_CRASHREPORTER_NO_REPORT="1" MOZ_CRASHREPORTER_SHUTDOWN="1" MOZ_NO_REMOTE="1" "/App ... "--marionette" "-foreground" "-no-remote" "-profile" "/var/folders/j3/2xy_ffxd6jq618phh49pk1b00000gn/T/rust_mozprofileXuQf8B"
console.warn: services.settings: Ignoring preference override of remote settings server
console.warn: services.settings: Allow by setting MOZ_REMOTE_SETTINGS_DEVTOOLS=1 in the environment
1716564725091	Marionette	INFO	Marionette enabled
1716564725252	Marionette	INFO	Listening on port 65012
1716564725394	RemoteAgent	WARN	TLS certificate errors will be ignored for this session
UNSUPPORTED (log once): POSSIBLE ISSUE: unit 1 GLD_TEXTURE_INDEX_2D is unloadable and bound to sampler type (Float) - using zero texture because texture unloadable
console.error: ({})
console.error: ({})
1716564756419	addons.xpi	ERROR	System addon update list error SyntaxError: XMLHttpRequest.open: 'http://%(server)s/dummy-system-addons.xml' is not a valid URL.
1716565057455	Marionette	INFO	Stopped listening on port 65012
1716565058333	geckodriver	INFO	Listening on 127.0.0.1:65145
1716565059351	mozrunner::runner	INFO	Running command: MOZ_CRASHREPORTER="1" MOZ_CRASHREPORTER_NO_REPORT="1" MOZ_CRASHREPORTER_SHUTDOWN="1" MOZ_NO_REMOTE="1" "/App ... "--marionette" "-foreground" "-no-remote" "-profile" "/var/folders/j3/2xy_ffxd6jq618phh49pk1b00000gn/T/rust_mozprofileVgagoR"
console.warn: services.settings: Ignoring preference override of remote settings server
console.warn: services.settings: Allow by setting MOZ_REMOTE_SETTINGS_DEVTOOLS=1 in the environment
1716565059643	Marionette	INFO	Marionette enabled
1716565059865	Marionette	INFO	Listening on port 65156
1716565060030	RemoteAgent	WARN	TLS certificate errors will be ignored for this session
UNSUPPORTED (log once): POSSIBLE ISSUE: unit 1 GLD_TEXTURE_INDEX_2D is unloadable and bound to sampler type (Float) - using zero texture because texture unloadable
console.error: ({})
1716565073988	Marionette	INFO	Stopped listening on port 65156
1716565075140	geckodriver	INFO	Listening on 127.0.0.1:65201
1716565076163	mozrunner::runner	INFO	Running command: MOZ_CRASHREPORTER="1" MOZ_CRASHREPORTER_NO_REPORT="1" MOZ_CRASHREPORTER_SHUTDOWN="1" MOZ_NO_REMOTE="1" "/App ... "--marionette" "-foreground" "-no-remote" "-profile" "/var/folders/j3/2xy_ffxd6jq618phh49pk1b00000gn/T/rust_mozprofiletr3DeD"
console.warn: services.settings: Ignoring preference override of remote settings server
console.warn: services.settings: Allow by setting MOZ_REMOTE_SETTINGS_DEVTOOLS=1 in the environment
1716565076384	Marionette	INFO	Marionette enabled
1716565076578	Marionette	INFO	Listening on port 65212
1716565076694	RemoteAgent	WARN	TLS certificate errors will be ignored for this session
UNSUPPORTED (log once): POSSIBLE ISSUE: unit 1 GLD_TEXTURE_INDEX_2D is unloadable and bound to sampler type (Float) - using zero texture because texture unloadable
console.error: ({})
console.error: ({})
console.warn: SessionStore: "Discarding window with 0 saveable tabs and 0 closed tabs"
1716565087470	Marionette	INFO	Stopped listening on port 65212
1716565088023	geckodriver	INFO	Listening on 127.0.0.1:65252
1716565089049	mozrunner::runner	INFO	Running command: MOZ_CRASHREPORTER="1" MOZ_CRASHREPORTER_NO_REPORT="1" MOZ_CRASHREPORTER_SHUTDOWN="1" MOZ_NO_REMOTE="1" "/App ... "--marionette" "-foreground" "-no-remote" "-profile" "/var/folders/j3/2xy_ffxd6jq618phh49pk1b00000gn/T/rust_mozprofilewX9VL2"
console.warn: services.settings: Ignoring preference override of remote settings server
console.warn: services.settings: Allow by setting MOZ_REMOTE_SETTINGS_DEVTOOLS=1 in the environment
1716565089270	Marionette	INFO	Marionette enabled
1716565089458	Marionette	INFO	Listening on port 65263
1716565089583	RemoteAgent	WARN	TLS certificate errors will be ignored for this session
UNSUPPORTED (log once): POSSIBLE ISSUE: unit 1 GLD_TEXTURE_INDEX_2D is unloadable and bound to sampler type (Float) - using zero texture because texture unloadable
console.error: ({})
1716565103251	Marionette	INFO	Stopped listening on port 65263
1716565103943	geckodriver	INFO	Listening on 127.0.0.1:65314
1716565104967	mozrunner::runner	INFO	Running command: MOZ_CRASHREPORTER="1" MOZ_CRASHREPORTER_NO_REPORT="1" MOZ_CRASHREPORTER_SHUTDOWN="1" MOZ_NO_REMOTE="1" "/App ... "--marionette" "-foreground" "-no-remote" "-profile" "/var/folders/j3/2xy_ffxd6jq618phh49pk1b00000gn/T/rust_mozprofileQNMK38"
console.warn: services.settings: Ignoring preference override of remote settings server
console.warn: services.settings: Allow by setting MOZ_REMOTE_SETTINGS_DEVTOOLS=1 in the environment
1716565105184	Marionette	INFO	Marionette enabled
1716565105370	Marionette	INFO	Listening on port 65325
1716565105494	RemoteAgent	WARN	TLS certificate errors will be ignored for this session
UNSUPPORTED (log once): POSSIBLE ISSUE: unit 1 GLD_TEXTURE_INDEX_2D is unloadable and bound to sampler type (Float) - using zero texture because texture unloadable
console.error: ({})
console.error: ({})
1716565135222	addons.xpi	ERROR	System addon update list error SyntaxError: XMLHttpRequest.open: 'http://%(server)s/dummy-system-addons.xml' is not a valid URL.
1716566260545	Marionette	INFO	Stopped listening on port 65325
1716566261855	geckodriver	INFO	Listening on 127.0.0.1:65532
1716566262874	mozrunner::runner	INFO	Running command: MOZ_CRASHREPORTER="1" MOZ_CRASHREPORTER_NO_REPORT="1" MOZ_CRASHREPORTER_SHUTDOWN="1" MOZ_NO_REMOTE="1" "/App ... "--marionette" "-foreground" "-no-remote" "-profile" "/var/folders/j3/2xy_ffxd6jq618phh49pk1b00000gn/T/rust_mozprofileL8c9IL"
console.warn: services.settings: Ignoring preference override of remote settings server
console.warn: services.settings: Allow by setting MOZ_REMOTE_SETTINGS_DEVTOOLS=1 in the environment
1716566263166	Marionette	INFO	Marionette enabled
1716566263410	Marionette	INFO	Listening on port 49159
1716566263506	RemoteAgent	WARN	TLS certificate errors will be ignored for this session
UNSUPPORTED (log once): POSSIBLE ISSUE: unit 1 GLD_TEXTURE_INDEX_2D is unloadable and bound to sampler type (Float) - using zero texture because texture unloadable
console.error: ({})
console.error: ({})
console.error: ({})
1716566279005	Marionette	INFO	Stopped listening on port 49159
1716566279836	geckodriver	INFO	Listening on 127.0.0.1:49203
1716566280853	mozrunner::runner	INFO	Running command: MOZ_CRASHREPORTER="1" MOZ_CRASHREPORTER_NO_REPORT="1" MOZ_CRASHREPORTER_SHUTDOWN="1" MOZ_NO_REMOTE="1" "/App ... "--marionette" "-foreground" "-no-remote" "-profile" "/var/folders/j3/2xy_ffxd6jq618phh49pk1b00000gn/T/rust_mozprofilesfJuAf"
console.warn: services.settings: Ignoring preference override of remote settings server
console.warn: services.settings: Allow by setting MOZ_REMOTE_SETTINGS_DEVTOOLS=1 in the environment
1716566281076	Marionette	INFO	Marionette enabled
1716566281298	Marionette	INFO	Listening on port 49214
1716566281379	RemoteAgent	WARN	TLS certificate errors will be ignored for this session
UNSUPPORTED (log once): POSSIBLE ISSUE: unit 1 GLD_TEXTURE_INDEX_2D is unloadable and bound to sampler type (Float) - using zero texture because texture unloadable
console.error: ({})
console.error: ({})
console.error: ({})
console.error: ({})
1716566311893	addons.xpi	ERROR	System addon update list error SyntaxError: XMLHttpRequest.open: 'http://%(server)s/dummy-system-addons.xml' is not a valid URL.
1716566514136	Marionette	INFO	Stopped listening on port 49214
1716566517942	geckodriver	INFO	Listening on 127.0.0.1:49337
1716566518858	mozrunner::runner	INFO	Running command: MOZ_CRASHREPORTER="1" MOZ_CRASHREPORTER_NO_REPORT="1" MOZ_CRASHREPORTER_SHUTDOWN="1" MOZ_NO_REMOTE="1" "/App ... "--marionette" "-foreground" "-no-remote" "-profile" "/var/folders/j3/2xy_ffxd6jq618phh49pk1b00000gn/T/rust_mozprofileE04vzR"
console.warn: services.settings: Ignoring preference override of remote settings server
console.warn: services.settings: Allow by setting MOZ_REMOTE_SETTINGS_DEVTOOLS=1 in the environment
1716566519126	Marionette	INFO	Marionette enabled
1716566519391	Marionette	INFO	Listening on port 49348
1716566519489	RemoteAgent	WARN	TLS certificate errors will be ignored for this session
UNSUPPORTED (log once): POSSIBLE ISSUE: unit 1 GLD_TEXTURE_INDEX_2D is unloadable and bound to sampler type (Float) - using zero texture because texture unloadable
console.error: ({})
1716566533453	Marionette	INFO	Stopped listening on port 49348
1716566535890	geckodriver	INFO	Listening on 127.0.0.1:49395
1716566536901	mozrunner::runner	INFO	Running command: MOZ_CRASHREPORTER="1" MOZ_CRASHREPORTER_NO_REPORT="1" MOZ_CRASHREPORTER_SHUTDOWN="1" MOZ_NO_REMOTE="1" "/App ... "--marionette" "-foreground" "-no-remote" "-profile" "/var/folders/j3/2xy_ffxd6jq618phh49pk1b00000gn/T/rust_mozprofileUAaUIg"
console.warn: services.settings: Ignoring preference override of remote settings server
console.warn: services.settings: Allow by setting MOZ_REMOTE_SETTINGS_DEVTOOLS=1 in the environment
1716566537132	Marionette	INFO	Marionette enabled
1716566537331	Marionette	INFO	Listening on port 49406
1716566537413	RemoteAgent	WARN	TLS certificate errors will be ignored for this session
UNSUPPORTED (log once): POSSIBLE ISSUE: unit 1 GLD_TEXTURE_INDEX_2D is unloadable and bound to sampler type (Float) - using zero texture because texture unloadable
console.error: ({})
console.error: ({})
1716566567173	addons.xpi	ERROR	System addon update list error SyntaxError: XMLHttpRequest.open: 'http://%(server)s/dummy-system-addons.xml' is not a valid URL.
1716566597441	Marionette	INFO	Stopped listening on port 49406
1716566599481	geckodriver	INFO	Listening on 127.0.0.1:49529
1716566600501	mozrunner::runner	INFO	Running command: MOZ_CRASHREPORTER="1" MOZ_CRASHREPORTER_NO_REPORT="1" MOZ_CRASHREPORTER_SHUTDOWN="1" MOZ_NO_REMOTE="1" "/App ... "--marionette" "-foreground" "-no-remote" "-profile" "/var/folders/j3/2xy_ffxd6jq618phh49pk1b00000gn/T/rust_mozprofileD6eoWR"
console.warn: services.settings: Ignoring preference override of remote settings server
console.warn: services.settings: Allow by setting MOZ_REMOTE_SETTINGS_DEVTOOLS=1 in the environment
1716566600716	Marionette	INFO	Marionette enabled
1716566600967	Marionette	INFO	Listening on port 49540
1716566601110	RemoteAgent	WARN	TLS certificate errors will be ignored for this session
UNSUPPORTED (log once): POSSIBLE ISSUE: unit 1 GLD_TEXTURE_INDEX_2D is unloadable and bound to sampler type (Float) - using zero texture because texture unloadable
console.error: ({})
1716566614870	Marionette	INFO	Stopped listening on port 49540
1716566617947	geckodriver	INFO	Listening on 127.0.0.1:49585
1716566618971	mozrunner::runner	INFO	Running command: MOZ_CRASHREPORTER="1" MOZ_CRASHREPORTER_NO_REPORT="1" MOZ_CRASHREPORTER_SHUTDOWN="1" MOZ_NO_REMOTE="1" "/App ... "--marionette" "-foreground" "-no-remote" "-profile" "/var/folders/j3/2xy_ffxd6jq618phh49pk1b00000gn/T/rust_mozprofileJOQneS"
console.warn: services.settings: Ignoring preference override of remote settings server
console.warn: services.settings: Allow by setting MOZ_REMOTE_SETTINGS_DEVTOOLS=1 in the environment
1716566619210	Marionette	INFO	Marionette enabled
1716566619436	Marionette	INFO	Listening on port 49596
1716566619568	RemoteAgent	WARN	TLS certificate errors will be ignored for this session
UNSUPPORTED (log once): POSSIBLE ISSUE: unit 1 GLD_TEXTURE_INDEX_2D is unloadable and bound to sampler type (Float) - using zero texture because texture unloadable
console.error: ({})
console.error: ({})
console.warn: SessionStore: "Discarding window with 0 saveable tabs and 0 closed tabs"
1716566636552	Marionette	INFO	Stopped listening on port 49596
1716566637113	geckodriver	INFO	Listening on 127.0.0.1:49640
1716566638134	mozrunner::runner	INFO	Running command: MOZ_CRASHREPORTER="1" MOZ_CRASHREPORTER_NO_REPORT="1" MOZ_CRASHREPORTER_SHUTDOWN="1" MOZ_NO_REMOTE="1" "/App ... "--marionette" "-foreground" "-no-remote" "-profile" "/var/folders/j3/2xy_ffxd6jq618phh49pk1b00000gn/T/rust_mozprofile1FoozQ"
console.warn: services.settings: Ignoring preference override of remote settings server
console.warn: services.settings: Allow by setting MOZ_REMOTE_SETTINGS_DEVTOOLS=1 in the environment
1716566638369	Marionette	INFO	Marionette enabled
1716566638556	Marionette	INFO	Listening on port 49652
1716566638628	RemoteAgent	WARN	TLS certificate errors will be ignored for this session
UNSUPPORTED (log once): POSSIBLE ISSUE: unit 1 GLD_TEXTURE_INDEX_2D is unloadable and bound to sampler type (Float) - using zero texture because texture unloadable
console.error: ({})
1716566652388	Marionette	INFO	Stopped listening on port 49652
1716566653099	geckodriver	INFO	Listening on 127.0.0.1:49696
1716566654127	mozrunner::runner	INFO	Running command: MOZ_CRASHREPORTER="1" MOZ_CRASHREPORTER_NO_REPORT="1" MOZ_CRASHREPORTER_SHUTDOWN="1" MOZ_NO_REMOTE="1" "/App ... "--marionette" "-foreground" "-no-remote" "-profile" "/var/folders/j3/2xy_ffxd6jq618phh49pk1b00000gn/T/rust_mozprofileYBYqIf"
console.warn: services.settings: Ignoring preference override of remote settings server
console.warn: services.settings: Allow by setting MOZ_REMOTE_SETTINGS_DEVTOOLS=1 in the environment
1716566654341	Marionette	INFO	Marionette enabled
1716566654508	Marionette	INFO	Listening on port 49707
1716566654648	RemoteAgent	WARN	TLS certificate errors will be ignored for this session
UNSUPPORTED (log once): POSSIBLE ISSUE: unit 1 GLD_TEXTURE_INDEX_2D is unloadable and bound to sampler type (Float) - using zero texture because texture unloadable
console.error: ({})
console.error: ({})
1716566685697	addons.xpi	ERROR	System addon update list error SyntaxError: XMLHttpRequest.open: 'http://%(server)s/dummy-system-addons.xml' is not a valid URL.
1716566729485	Marionette	INFO	Stopped listening on port 49707
1716566730433	geckodriver	INFO	Listening on 127.0.0.1:49768
1716566731453	mozrunner::runner	INFO	Running command: MOZ_CRASHREPORTER="1" MOZ_CRASHREPORTER_NO_REPORT="1" MOZ_CRASHREPORTER_SHUTDOWN="1" MOZ_NO_REMOTE="1" "/App ... "--marionette" "-foreground" "-no-remote" "-profile" "/var/folders/j3/2xy_ffxd6jq618phh49pk1b00000gn/T/rust_mozprofileP8XaTg"
console.warn: services.settings: Ignoring preference override of remote settings server
console.warn: services.settings: Allow by setting MOZ_REMOTE_SETTINGS_DEVTOOLS=1 in the environment
1716566731695	Marionette	INFO	Marionette enabled
1716566731890	Marionette	INFO	Listening on port 49779
1716566731960	RemoteAgent	WARN	TLS certificate errors will be ignored for this session
UNSUPPORTED (log once): POSSIBLE ISSUE: unit 1 GLD_TEXTURE_INDEX_2D is unloadable and bound to sampler type (Float) - using zero texture because texture unloadable
console.error: ({})
1716566745663	Marionette	INFO	Stopped listening on port 49779
1716566746585	geckodriver	INFO	Listening on 127.0.0.1:49823
1716566747606	mozrunner::runner	INFO	Running command: MOZ_CRASHREPORTER="1" MOZ_CRASHREPORTER_NO_REPORT="1" MOZ_CRASHREPORTER_SHUTDOWN="1" MOZ_NO_REMOTE="1" "/App ... "--marionette" "-foreground" "-no-remote" "-profile" "/var/folders/j3/2xy_ffxd6jq618phh49pk1b00000gn/T/rust_mozprofileCiP5HZ"
console.warn: services.settings: Ignoring preference override of remote settings server
console.warn: services.settings: Allow by setting MOZ_REMOTE_SETTINGS_DEVTOOLS=1 in the environment
1716566747827	Marionette	INFO	Marionette enabled
1716566748009	Marionette	INFO	Listening on port 49835
1716566748144	RemoteAgent	WARN	TLS certificate errors will be ignored for this session
UNSUPPORTED (log once): POSSIBLE ISSUE: unit 1 GLD_TEXTURE_INDEX_2D is unloadable and bound to sampler type (Float) - using zero texture because texture unloadable
console.error: ({})
console.error: ({})
1716566778604	addons.xpi	ERROR	System addon update list error SyntaxError: XMLHttpRequest.open: 'http://%(server)s/dummy-system-addons.xml' is not a valid URL.
1716567544702	Marionette	INFO	Stopped listening on port 49835
1716567545966	geckodriver	INFO	Listening on 127.0.0.1:50038
1716567546997	mozrunner::runner	INFO	Running command: MOZ_CRASHREPORTER="1" MOZ_CRASHREPORTER_NO_REPORT="1" MOZ_CRASHREPORTER_SHUTDOWN="1" MOZ_NO_REMOTE="1" "/App ... "--marionette" "-foreground" "-no-remote" "-profile" "/var/folders/j3/2xy_ffxd6jq618phh49pk1b00000gn/T/rust_mozprofileqXEvYL"
console.warn: services.settings: Ignoring preference override of remote settings server
console.warn: services.settings: Allow by setting MOZ_REMOTE_SETTINGS_DEVTOOLS=1 in the environment
1716567547282	Marionette	INFO	Marionette enabled
1716567547526	Marionette	INFO	Listening on port 50049
1716567547599	RemoteAgent	WARN	TLS certificate errors will be ignored for this session
UNSUPPORTED (log once): POSSIBLE ISSUE: unit 1 GLD_TEXTURE_INDEX_2D is unloadable and bound to sampler type (Float) - using zero texture because texture unloadable
console.error: ({})
1716567561773	Marionette	INFO	Stopped listening on port 50049
1716567563524	geckodriver	INFO	Listening on 127.0.0.1:50095
1716567564537	mozrunner::runner	INFO	Running command: MOZ_CRASHREPORTER="1" MOZ_CRASHREPORTER_NO_REPORT="1" MOZ_CRASHREPORTER_SHUTDOWN="1" MOZ_NO_REMOTE="1" "/App ... "--marionette" "-foreground" "-no-remote" "-profile" "/var/folders/j3/2xy_ffxd6jq618phh49pk1b00000gn/T/rust_mozprofileRTtaQq"
console.warn: services.settings: Ignoring preference override of remote settings server
console.warn: services.settings: Allow by setting MOZ_REMOTE_SETTINGS_DEVTOOLS=1 in the environment
1716567564748	Marionette	INFO	Marionette enabled
1716567564920	Marionette	INFO	Listening on port 50106
1716567565055	RemoteAgent	WARN	TLS certificate errors will be ignored for this session
UNSUPPORTED (log once): POSSIBLE ISSUE: unit 1 GLD_TEXTURE_INDEX_2D is unloadable and bound to sampler type (Float) - using zero texture because texture unloadable
console.error: ({})
console.error: ({})
1716567595486	addons.xpi	ERROR	System addon update list error SyntaxError: XMLHttpRequest.open: 'http://%(server)s/dummy-system-addons.xml' is not a valid URL.
1716568557490	Marionette	INFO	Stopped listening on port 50106
1716568558813	geckodriver	INFO	Listening on 127.0.0.1:50329
1716568559831	mozrunner::runner	INFO	Running command: MOZ_CRASHREPORTER="1" MOZ_CRASHREPORTER_NO_REPORT="1" MOZ_CRASHREPORTER_SHUTDOWN="1" MOZ_NO_REMOTE="1" "/App ... "--marionette" "-foreground" "-no-remote" "-profile" "/var/folders/j3/2xy_ffxd6jq618phh49pk1b00000gn/T/rust_mozprofiletaUDhm"
console.warn: services.settings: Ignoring preference override of remote settings server
console.warn: services.settings: Allow by setting MOZ_REMOTE_SETTINGS_DEVTOOLS=1 in the environment
1716568560127	Marionette	INFO	Marionette enabled
1716568560415	Marionette	INFO	Listening on port 50340
1716568560498	RemoteAgent	WARN	TLS certificate errors will be ignored for this session
UNSUPPORTED (log once): POSSIBLE ISSUE: unit 1 GLD_TEXTURE_INDEX_2D is unloadable and bound to sampler type (Float) - using zero texture because texture unloadable
console.error: ({})
1716568574515	Marionette	INFO	Stopped listening on port 50340
1716568576985	geckodriver	INFO	Listening on 127.0.0.1:50389
1716568577997	mozrunner::runner	INFO	Running command: MOZ_CRASHREPORTER="1" MOZ_CRASHREPORTER_NO_REPORT="1" MOZ_CRASHREPORTER_SHUTDOWN="1" MOZ_NO_REMOTE="1" "/App ... "--marionette" "-foreground" "-no-remote" "-profile" "/var/folders/j3/2xy_ffxd6jq618phh49pk1b00000gn/T/rust_mozprofileqIhbDy"
console.warn: services.settings: Ignoring preference override of remote settings server
console.warn: services.settings: Allow by setting MOZ_REMOTE_SETTINGS_DEVTOOLS=1 in the environment
1716568578206	Marionette	INFO	Marionette enabled
1716568578453	Marionette	INFO	Listening on port 50400
1716568578490	RemoteAgent	WARN	TLS certificate errors will be ignored for this session
UNSUPPORTED (log once): POSSIBLE ISSUE: unit 1 GLD_TEXTURE_INDEX_2D is unloadable and bound to sampler type (Float) - using zero texture because texture unloadable
console.error: ({})
console.error: ({})
1716568608870	addons.xpi	ERROR	System addon update list error SyntaxError: XMLHttpRequest.open: 'http://%(server)s/dummy-system-addons.xml' is not a valid URL.
1716568753422	Marionette	INFO	Stopped listening on port 50400
1716568754449	geckodriver	INFO	Listening on 127.0.0.1:50456
1716568755471	mozrunner::runner	INFO	Running command: MOZ_CRASHREPORTER="1" MOZ_CRASHREPORTER_NO_REPORT="1" MOZ_CRASHREPORTER_SHUTDOWN="1" MOZ_NO_REMOTE="1" "/App ... "--marionette" "-foreground" "-no-remote" "-profile" "/var/folders/j3/2xy_ffxd6jq618phh49pk1b00000gn/T/rust_mozprofilekkJAoQ"
console.warn: services.settings: Ignoring preference override of remote settings server
console.warn: services.settings: Allow by setting MOZ_REMOTE_SETTINGS_DEVTOOLS=1 in the environment
1716568755732	Marionette	INFO	Marionette enabled
1716568755949	Marionette	INFO	Listening on port 50467
1716568756114	RemoteAgent	WARN	TLS certificate errors will be ignored for this session
UNSUPPORTED (log once): POSSIBLE ISSUE: unit 1 GLD_TEXTURE_INDEX_2D is unloadable and bound to sampler type (Float) - using zero texture because texture unloadable
console.error: ({})
1716568770160	Marionette	INFO	Stopped listening on port 50467
1716568771075	geckodriver	INFO	Listening on 127.0.0.1:50511
1716568772100	mozrunner::runner	INFO	Running command: MOZ_CRASHREPORTER="1" MOZ_CRASHREPORTER_NO_REPORT="1" MOZ_CRASHREPORTER_SHUTDOWN="1" MOZ_NO_REMOTE="1" "/App ... "--marionette" "-foreground" "-no-remote" "-profile" "/var/folders/j3/2xy_ffxd6jq618phh49pk1b00000gn/T/rust_mozprofiled7DSEB"
console.warn: services.settings: Ignoring preference override of remote settings server
console.warn: services.settings: Allow by setting MOZ_REMOTE_SETTINGS_DEVTOOLS=1 in the environment
1716568772319	Marionette	INFO	Marionette enabled
1716568772508	Marionette	INFO	Listening on port 50522
1716568772632	RemoteAgent	WARN	TLS certificate errors will be ignored for this session
UNSUPPORTED (log once): POSSIBLE ISSUE: unit 1 GLD_TEXTURE_INDEX_2D is unloadable and bound to sampler type (Float) - using zero texture because texture unloadable
console.error: ({})
console.error: ({})
1716568802461	addons.xpi	ERROR	System addon update list error SyntaxError: XMLHttpRequest.open: 'http://%(server)s/dummy-system-addons.xml' is not a valid URL.
1716570031547	Marionette	INFO	Stopped listening on port 50522
1716570032649	geckodriver	INFO	Listening on 127.0.0.1:50833
1716570033671	mozrunner::runner	INFO	Running command: MOZ_CRASHREPORTER="1" MOZ_CRASHREPORTER_NO_REPORT="1" MOZ_CRASHREPORTER_SHUTDOWN="1" MOZ_NO_REMOTE="1" "/App ... "--marionette" "-foreground" "-no-remote" "-profile" "/var/folders/j3/2xy_ffxd6jq618phh49pk1b00000gn/T/rust_mozprofile7ZtkgW"
console.warn: services.settings: Ignoring preference override of remote settings server
console.warn: services.settings: Allow by setting MOZ_REMOTE_SETTINGS_DEVTOOLS=1 in the environment
1716570034015	Marionette	INFO	Marionette enabled
1716570034280	Marionette	INFO	Listening on port 50844
1716570034457	RemoteAgent	WARN	TLS certificate errors will be ignored for this session
UNSUPPORTED (log once): POSSIBLE ISSUE: unit 1 GLD_TEXTURE_INDEX_2D is unloadable and bound to sampler type (Float) - using zero texture because texture unloadable
console.error: ({})
1716570049125	Marionette	INFO	Stopped listening on port 50844
1716570053090	geckodriver	INFO	Listening on 127.0.0.1:50890
1716570054104	mozrunner::runner	INFO	Running command: MOZ_CRASHREPORTER="1" MOZ_CRASHREPORTER_NO_REPORT="1" MOZ_CRASHREPORTER_SHUTDOWN="1" MOZ_NO_REMOTE="1" "/App ... "--marionette" "-foreground" "-no-remote" "-profile" "/var/folders/j3/2xy_ffxd6jq618phh49pk1b00000gn/T/rust_mozprofileGcn96n"
console.warn: services.settings: Ignoring preference override of remote settings server
console.warn: services.settings: Allow by setting MOZ_REMOTE_SETTINGS_DEVTOOLS=1 in the environment
1716570054319	Marionette	INFO	Marionette enabled
1716570054482	Marionette	INFO	Listening on port 50901
1716570054611	RemoteAgent	WARN	TLS certificate errors will be ignored for this session
UNSUPPORTED (log once): POSSIBLE ISSUE: unit 1 GLD_TEXTURE_INDEX_2D is unloadable and bound to sampler type (Float) - using zero texture because texture unloadable
console.error: ({})
console.warn: SessionStore: "Discarding window with 0 saveable tabs and 0 closed tabs"
1716570063189	Marionette	INFO	Stopped listening on port 50901
1716570063736	geckodriver	INFO	Listening on 127.0.0.1:50940
1716570064745	mozrunner::runner	INFO	Running command: MOZ_CRASHREPORTER="1" MOZ_CRASHREPORTER_NO_REPORT="1" MOZ_CRASHREPORTER_SHUTDOWN="1" MOZ_NO_REMOTE="1" "/App ... "--marionette" "-foreground" "-no-remote" "-profile" "/var/folders/j3/2xy_ffxd6jq618phh49pk1b00000gn/T/rust_mozprofilesNIwNr"
console.warn: services.settings: Ignoring preference override of remote settings server
console.warn: services.settings: Allow by setting MOZ_REMOTE_SETTINGS_DEVTOOLS=1 in the environment
1716570064930	Marionette	INFO	Marionette enabled
1716570065111	Marionette	INFO	Listening on port 50951
1716570065259	RemoteAgent	WARN	TLS certificate errors will be ignored for this session
UNSUPPORTED (log once): POSSIBLE ISSUE: unit 1 GLD_TEXTURE_INDEX_2D is unloadable and bound to sampler type (Float) - using zero texture because texture unloadable
console.error: ({})
1716570078984	Marionette	INFO	Stopped listening on port 50951
1716570079555	geckodriver	INFO	Listening on 127.0.0.1:50994
1716570080576	mozrunner::runner	INFO	Running command: MOZ_CRASHREPORTER="1" MOZ_CRASHREPORTER_NO_REPORT="1" MOZ_CRASHREPORTER_SHUTDOWN="1" MOZ_NO_REMOTE="1" "/App ... "--marionette" "-foreground" "-no-remote" "-profile" "/var/folders/j3/2xy_ffxd6jq618phh49pk1b00000gn/T/rust_mozprofilePqAIKh"
console.warn: services.settings: Ignoring preference override of remote settings server
console.warn: services.settings: Allow by setting MOZ_REMOTE_SETTINGS_DEVTOOLS=1 in the environment
1716570080790	Marionette	INFO	Marionette enabled
1716570080951	Marionette	INFO	Listening on port 51005
1716570081079	RemoteAgent	WARN	TLS certificate errors will be ignored for this session
UNSUPPORTED (log once): POSSIBLE ISSUE: unit 1 GLD_TEXTURE_INDEX_2D is unloadable and bound to sampler type (Float) - using zero texture because texture unloadable
console.error: ({})
console.error: ({})
1716570112110	addons.xpi	ERROR	System addon update list error SyntaxError: XMLHttpRequest.open: 'http://%(server)s/dummy-system-addons.xml' is not a valid URL.
1716570172809	Marionette	INFO	Stopped listening on port 51005
1716570173850	geckodriver	INFO	Listening on 127.0.0.1:51046
1716570174872	mozrunner::runner	INFO	Running command: MOZ_CRASHREPORTER="1" MOZ_CRASHREPORTER_NO_REPORT="1" MOZ_CRASHREPORTER_SHUTDOWN="1" MOZ_NO_REMOTE="1" "/App ... "--marionette" "-foreground" "-no-remote" "-profile" "/var/folders/j3/2xy_ffxd6jq618phh49pk1b00000gn/T/rust_mozprofileoAGJBL"
console.warn: services.settings: Ignoring preference override of remote settings server
console.warn: services.settings: Allow by setting MOZ_REMOTE_SETTINGS_DEVTOOLS=1 in the environment
1716570175094	Marionette	INFO	Marionette enabled
1716570175255	Marionette	INFO	Listening on port 51057
1716570175382	RemoteAgent	WARN	TLS certificate errors will be ignored for this session
UNSUPPORTED (log once): POSSIBLE ISSUE: unit 1 GLD_TEXTURE_INDEX_2D is unloadable and bound to sampler type (Float) - using zero texture because texture unloadable
console.error: ({})
1716570189082	Marionette	INFO	Stopped listening on port 51057
1716570189885	geckodriver	INFO	Listening on 127.0.0.1:51101
1716570190893	mozrunner::runner	INFO	Running command: MOZ_CRASHREPORTER="1" MOZ_CRASHREPORTER_NO_REPORT="1" MOZ_CRASHREPORTER_SHUTDOWN="1" MOZ_NO_REMOTE="1" "/App ... "--marionette" "-foreground" "-no-remote" "-profile" "/var/folders/j3/2xy_ffxd6jq618phh49pk1b00000gn/T/rust_mozprofileSUowBr"
console.warn: services.settings: Ignoring preference override of remote settings server
console.warn: services.settings: Allow by setting MOZ_REMOTE_SETTINGS_DEVTOOLS=1 in the environment
1716570191085	Marionette	INFO	Marionette enabled
1716570191252	Marionette	INFO	Listening on port 51113
1716570191386	RemoteAgent	WARN	TLS certificate errors will be ignored for this session
UNSUPPORTED (log once): POSSIBLE ISSUE: unit 1 GLD_TEXTURE_INDEX_2D is unloadable and bound to sampler type (Float) - using zero texture because texture unloadable
console.error: ({})
console.error: ({})
1716570221122	addons.xpi	ERROR	System addon update list error SyntaxError: XMLHttpRequest.open: 'http://%(server)s/dummy-system-addons.xml' is not a valid URL.
1716570252435	Marionette	INFO	Stopped listening on port 51113
1716570253428	geckodriver	INFO	Listening on 127.0.0.1:51238
1716570254444	mozrunner::runner	INFO	Running command: MOZ_CRASHREPORTER="1" MOZ_CRASHREPORTER_NO_REPORT="1" MOZ_CRASHREPORTER_SHUTDOWN="1" MOZ_NO_REMOTE="1" "/App ... "--marionette" "-foreground" "-no-remote" "-profile" "/var/folders/j3/2xy_ffxd6jq618phh49pk1b00000gn/T/rust_mozprofileDRf7YI"
console.warn: services.settings: Ignoring preference override of remote settings server
console.warn: services.settings: Allow by setting MOZ_REMOTE_SETTINGS_DEVTOOLS=1 in the environment
1716570254651	Marionette	INFO	Marionette enabled
1716570254848	Marionette	INFO	Listening on port 51249
1716570254987	RemoteAgent	WARN	TLS certificate errors will be ignored for this session
UNSUPPORTED (log once): POSSIBLE ISSUE: unit 1 GLD_TEXTURE_INDEX_2D is unloadable and bound to sampler type (Float) - using zero texture because texture unloadable
console.error: ({})
console.error: ({})
1716570286013	addons.xpi	ERROR	System addon update list error SyntaxError: XMLHttpRequest.open: 'http://%(server)s/dummy-system-addons.xml' is not a valid URL.
1716570497987	Marionette	INFO	Stopped listening on port 51249
1716570500091	geckodriver	INFO	Listening on 127.0.0.1:51324
1716570501113	mozrunner::runner	INFO	Running command: MOZ_CRASHREPORTER="1" MOZ_CRASHREPORTER_NO_REPORT="1" MOZ_CRASHREPORTER_SHUTDOWN="1" MOZ_NO_REMOTE="1" "/App ... "--marionette" "-foreground" "-no-remote" "-profile" "/var/folders/j3/2xy_ffxd6jq618phh49pk1b00000gn/T/rust_mozprofileHHkWah"
console.warn: services.settings: Ignoring preference override of remote settings server
console.warn: services.settings: Allow by setting MOZ_REMOTE_SETTINGS_DEVTOOLS=1 in the environment
1716570501330	Marionette	INFO	Marionette enabled
1716570501542	Marionette	INFO	Listening on port 51336
1716570501619	RemoteAgent	WARN	TLS certificate errors will be ignored for this session
UNSUPPORTED (log once): POSSIBLE ISSUE: unit 1 GLD_TEXTURE_INDEX_2D is unloadable and bound to sampler type (Float) - using zero texture because texture unloadable
console.error: ({})
console.error: ({})
1716570531479	addons.xpi	ERROR	System addon update list error SyntaxError: XMLHttpRequest.open: 'http://%(server)s/dummy-system-addons.xml' is not a valid URL.
1716575123038	Marionette	INFO	Stopped listening on port 51336
1716575124154	geckodriver	INFO	Listening on 127.0.0.1:52007
1716575125172	mozrunner::runner	INFO	Running command: MOZ_CRASHREPORTER="1" MOZ_CRASHREPORTER_NO_REPORT="1" MOZ_CRASHREPORTER_SHUTDOWN="1" MOZ_NO_REMOTE="1" "/App ... "--marionette" "-foreground" "-no-remote" "-profile" "/var/folders/j3/2xy_ffxd6jq618phh49pk1b00000gn/T/rust_mozprofileYl1kPg"
console.warn: services.settings: Ignoring preference override of remote settings server
console.warn: services.settings: Allow by setting MOZ_REMOTE_SETTINGS_DEVTOOLS=1 in the environment
1716575125417	Marionette	INFO	Marionette enabled
1716575125625	Marionette	INFO	Listening on port 52018
1716575125712	RemoteAgent	WARN	TLS certificate errors will be ignored for this session
UNSUPPORTED (log once): POSSIBLE ISSUE: unit 1 GLD_TEXTURE_INDEX_2D is unloadable and bound to sampler type (Float) - using zero texture because texture unloadable
console.error: ({})
1716575139542	Marionette	INFO	Stopped listening on port 52018
1716575143671	geckodriver	INFO	Listening on 127.0.0.1:52061
1716575144695	mozrunner::runner	INFO	Running command: MOZ_CRASHREPORTER="1" MOZ_CRASHREPORTER_NO_REPORT="1" MOZ_CRASHREPORTER_SHUTDOWN="1" MOZ_NO_REMOTE="1" "/App ... "--marionette" "-foreground" "-no-remote" "-profile" "/var/folders/j3/2xy_ffxd6jq618phh49pk1b00000gn/T/rust_mozprofileHEMx7R"
console.warn: services.settings: Ignoring preference override of remote settings server
console.warn: services.settings: Allow by setting MOZ_REMOTE_SETTINGS_DEVTOOLS=1 in the environment
1716575144913	Marionette	INFO	Marionette enabled
1716575145095	Marionette	INFO	Listening on port 52073
1716575145219	RemoteAgent	WARN	TLS certificate errors will be ignored for this session
UNSUPPORTED (log once): POSSIBLE ISSUE: unit 1 GLD_TEXTURE_INDEX_2D is unloadable and bound to sampler type (Float) - using zero texture because texture unloadable
console.error: ({})
console.error: ({})
console.warn: SessionStore: "Discarding window with 0 saveable tabs and 0 closed tabs"
1716575162499	Marionette	INFO	Stopped listening on port 52073
1716575163082	geckodriver	INFO	Listening on 127.0.0.1:52115
1716575164107	mozrunner::runner	INFO	Running command: MOZ_CRASHREPORTER="1" MOZ_CRASHREPORTER_NO_REPORT="1" MOZ_CRASHREPORTER_SHUTDOWN="1" MOZ_NO_REMOTE="1" "/App ... "--marionette" "-foreground" "-no-remote" "-profile" "/var/folders/j3/2xy_ffxd6jq618phh49pk1b00000gn/T/rust_mozprofiletvKdSe"
console.warn: services.settings: Ignoring preference override of remote settings server
console.warn: services.settings: Allow by setting MOZ_REMOTE_SETTINGS_DEVTOOLS=1 in the environment
1716575164326	Marionette	INFO	Marionette enabled
1716575164509	Marionette	INFO	Listening on port 52126
1716575164633	RemoteAgent	WARN	TLS certificate errors will be ignored for this session
UNSUPPORTED (log once): POSSIBLE ISSUE: unit 1 GLD_TEXTURE_INDEX_2D is unloadable and bound to sampler type (Float) - using zero texture because texture unloadable
console.error: ({})
1716575178229	Marionette	INFO	Stopped listening on port 52126
1716575179252	geckodriver	INFO	Listening on 127.0.0.1:52169
1716575180272	mozrunner::runner	INFO	Running command: MOZ_CRASHREPORTER="1" MOZ_CRASHREPORTER_NO_REPORT="1" MOZ_CRASHREPORTER_SHUTDOWN="1" MOZ_NO_REMOTE="1" "/App ... "--marionette" "-foreground" "-no-remote" "-profile" "/var/folders/j3/2xy_ffxd6jq618phh49pk1b00000gn/T/rust_mozprofileYiBQ2F"
console.warn: services.settings: Ignoring preference override of remote settings server
console.warn: services.settings: Allow by setting MOZ_REMOTE_SETTINGS_DEVTOOLS=1 in the environment
1716575180491	Marionette	INFO	Marionette enabled
1716575180684	Marionette	INFO	Listening on port 52180
1716575180809	RemoteAgent	WARN	TLS certificate errors will be ignored for this session
UNSUPPORTED (log once): POSSIBLE ISSUE: unit 1 GLD_TEXTURE_INDEX_2D is unloadable and bound to sampler type (Float) - using zero texture because texture unloadable
console.error: ({})
console.error: ({})
1716575210519	addons.xpi	ERROR	System addon update list error SyntaxError: XMLHttpRequest.open: 'http://%(server)s/dummy-system-addons.xml' is not a valid URL.
1716575226717	Marionette	INFO	Stopped listening on port 52180
1716575227615	geckodriver	INFO	Listening on 127.0.0.1:52230
1716575228642	mozrunner::runner	INFO	Running command: MOZ_CRASHREPORTER="1" MOZ_CRASHREPORTER_NO_REPORT="1" MOZ_CRASHREPORTER_SHUTDOWN="1" MOZ_NO_REMOTE="1" "/App ... "--marionette" "-foreground" "-no-remote" "-profile" "/var/folders/j3/2xy_ffxd6jq618phh49pk1b00000gn/T/rust_mozprofileeCHaNc"
console.warn: services.settings: Ignoring preference override of remote settings server
console.warn: services.settings: Allow by setting MOZ_REMOTE_SETTINGS_DEVTOOLS=1 in the environment
1716575228862	Marionette	INFO	Marionette enabled
1716575229078	Marionette	INFO	Listening on port 52243
1716575229097	RemoteAgent	WARN	TLS certificate errors will be ignored for this session
UNSUPPORTED (log once): POSSIBLE ISSUE: unit 1 GLD_TEXTURE_INDEX_2D is unloadable and bound to sampler type (Float) - using zero texture because texture unloadable
console.error: ({})
1716575242770	Marionette	INFO	Stopped listening on port 52243
1716575244026	geckodriver	INFO	Listening on 127.0.0.1:52286
1716575245057	mozrunner::runner	INFO	Running command: MOZ_CRASHREPORTER="1" MOZ_CRASHREPORTER_NO_REPORT="1" MOZ_CRASHREPORTER_SHUTDOWN="1" MOZ_NO_REMOTE="1" "/App ... "--marionette" "-foreground" "-no-remote" "-profile" "/var/folders/j3/2xy_ffxd6jq618phh49pk1b00000gn/T/rust_mozprofileJ63Kqe"
console.warn: services.settings: Ignoring preference override of remote settings server
console.warn: services.settings: Allow by setting MOZ_REMOTE_SETTINGS_DEVTOOLS=1 in the environment
1716575245266	Marionette	INFO	Marionette enabled
1716575245475	Marionette	INFO	Listening on port 52297
1716575245546	RemoteAgent	WARN	TLS certificate errors will be ignored for this session
UNSUPPORTED (log once): POSSIBLE ISSUE: unit 1 GLD_TEXTURE_INDEX_2D is unloadable and bound to sampler type (Float) - using zero texture because texture unloadable
console.error: ({})
console.error: ({})
1716575301350	addons.xpi	ERROR	System addon update list error SyntaxError: XMLHttpRequest.open: 'http://%(server)s/dummy-system-addons.xml' is not a valid URL.
